c:\users\stvfe\documents\visual studio 2015\projects\pong\pong\debug\pong.pch
c:\users\stvfe\documents\visual studio 2015\projects\pong\pong\debug\vc140.pdb
c:\users\stvfe\documents\visual studio 2015\projects\pong\pong\debug\vc140.idb
c:\users\stvfe\documents\visual studio 2015\projects\pong\pong\debug\stdafx.obj
c:\users\stvfe\documents\visual studio 2015\projects\pong\pong\debug\pong.obj
c:\users\stvfe\documents\visual studio 2015\projects\pong\pong\debug\game.obj
c:\users\stvfe\documents\visual studio 2015\projects\pong\pong\debug\splashscreen.obj
c:\users\stvfe\documents\visual studio 2015\projects\pong\pong\debug\mainmenuscreen.obj
c:\users\stvfe\documents\visual studio 2015\projects\pong\pong\debug\visiblegameobject.obj
c:\users\stvfe\documents\visual studio 2015\projects\pong\pong\debug\paddle.obj
c:\users\stvfe\documents\visual studio 2015\projects\pong\pong\debug\gameobjectmanager.obj
c:\users\stvfe\documents\visual studio 2015\projects\pong\pong\debug\gameball.obj
c:\users\stvfe\documents\visual studio 2015\projects\pong\debug\pong.ilk
c:\users\stvfe\documents\visual studio 2015\projects\pong\debug\pong.exe
c:\users\stvfe\documents\visual studio 2015\projects\pong\debug\pong.pdb
c:\users\stvfe\documents\visual studio 2015\projects\pong\pong\debug\pong.tlog\cl.command.1.tlog
c:\users\stvfe\documents\visual studio 2015\projects\pong\pong\debug\pong.tlog\cl.read.1.tlog
c:\users\stvfe\documents\visual studio 2015\projects\pong\pong\debug\pong.tlog\cl.write.1.tlog
c:\users\stvfe\documents\visual studio 2015\projects\pong\pong\debug\pong.tlog\link.command.1.tlog
c:\users\stvfe\documents\visual studio 2015\projects\pong\pong\debug\pong.tlog\link.read.1.tlog
c:\users\stvfe\documents\visual studio 2015\projects\pong\pong\debug\pong.tlog\link.write.1.tlog
