Build started 2017-02-06 1:53:55 PM.
     1>Project "c:\Users\stvfe\documents\visual studio 2015\Projects\Pong\Pong\Pong.vcxproj" on node 2 (Rebuild target(s)).
     1>ClCompile:
         C:\Program Files (x86)\Microsoft Visual Studio 14.0\VC\bin\CL.exe /c /I"c:\users\stvfe\documents\visual studio 2015\Projects\Pong\Pong\include" /ZI /nologo /W3 /WX- /Od /Oy- /D WIN32 /D _DEBUG /D _CONSOLE /D _UNICODE /D UNICODE /Gm /EHsc /RTC1 /MDd /GS /fp:precise /Zc:wchar_t /Zc:forScope /Zc:inline /Yc"stdafx.h" /Fp"Debug\Pong.pch" /Fo"Debug\\" /Fd"Debug\vc140.pdb" /Gd /TP /analyze- /errorReport:prompt stdafx.cpp
         stdafx.cpp
         C:\Program Files (x86)\Microsoft Visual Studio 14.0\VC\bin\CL.exe /c /I"c:\users\stvfe\documents\visual studio 2015\Projects\Pong\Pong\include" /ZI /nologo /W3 /WX- /Od /Oy- /D WIN32 /D _DEBUG /D _CONSOLE /D _UNICODE /D UNICODE /Gm /EHsc /RTC1 /MDd /GS /fp:precise /Zc:wchar_t /Zc:forScope /Zc:inline /Yu"stdafx.h" /Fp"Debug\Pong.pch" /Fo"Debug\\" /Fd"Debug\vc140.pdb" /Gd /TP /analyze- /errorReport:prompt Game.cpp GameBall.cpp GameObjectManager.cpp MainMenuScreen.cpp Paddle.cpp Pong.cpp SplashScreen.cpp VisibleGameObject.cpp
         VisibleGameObject.cpp
         SplashScreen.cpp
         Pong.cpp
         Paddle.cpp
         MainMenuScreen.cpp
         GameObjectManager.cpp
         GameBall.cpp
         Game.cpp
         Generating Code...
       Link:
         C:\Program Files (x86)\Microsoft Visual Studio 14.0\VC\bin\link.exe /ERRORREPORT:PROMPT /OUT:"c:\users\stvfe\documents\visual studio 2015\Projects\Pong\Debug\Pong.exe" /INCREMENTAL /NOLOGO /LIBPATH:"c:\users\stvfe\documents\visual studio 2015\Projects\Pong\Pong\lib" kernel32.lib user32.lib gdi32.lib winspool.lib comdlg32.lib advapi32.lib shell32.lib ole32.lib oleaut32.lib uuid.lib odbc32.lib odbccp32.lib "sfml-system-d.lib" "sfml-main-d.lib" "sfml-graphics-d.lib" "sfml-audio-d.lib" "sfml-network-d.lib" "sfml-window-d.lib" kernel32.lib user32.lib gdi32.lib winspool.lib comdlg32.lib advapi32.lib shell32.lib ole32.lib oleaut32.lib uuid.lib odbc32.lib odbccp32.lib /MANIFEST /MANIFESTUAC:"level='asInvoker' uiAccess='false'" /manifest:embed /Debug /PDB:"c:\users\stvfe\documents\visual studio 2015\Projects\Pong\Debug\Pong.pdb" /SUBSYSTEM:CONSOLE /TLBID:1 /DYNAMICBASE /NXCOMPAT /IMPLIB:"c:\users\stvfe\documents\visual studio 2015\Projects\Pong\Debug\Pong.lib" /MACHINE:X86 Debug\Game.obj
         Debug\GameBall.obj
         Debug\GameObjectManager.obj
         Debug\MainMenuScreen.obj
         Debug\Paddle.obj
         Debug\Pong.obj
         Debug\SplashScreen.obj
         Debug\stdafx.obj
         Debug\VisibleGameObject.obj
         Pong.vcxproj -> c:\users\stvfe\documents\visual studio 2015\Projects\Pong\Debug\Pong.exe
     1>Done Building Project "c:\Users\stvfe\documents\visual studio 2015\Projects\Pong\Pong\Pong.vcxproj" (Rebuild target(s)).

Build succeeded.

Time Elapsed 00:00:03.69
